<?xml version="1.0" encoding="UTF-8"?>
<!-- Generated by org.testng.reporters.JUnitXMLReporter -->
<testsuite ignored="0" hostname="LAPTOP-MJGOJE7C" failures="1" tests="1" name="Default test" time="4.133" errors="0" timestamp="2025-03-29T00:21:12 IST">
  <testcase classname="io.cucumber.testng.AbstractTestNGCucumberTests" name="runScenario" time="3.607">
    <failure type="java.lang.NullPointerException" message="Cannot invoke &amp;quot;org.openqa.selenium.WebElement.findElement(org.openqa.selenium.By)&amp;quot; because &amp;quot;prod&amp;quot; is null">
      <![CDATA[java.lang.NullPointerException: Cannot invoke "org.openqa.selenium.WebElement.findElement(org.openqa.selenium.By)" because "prod" is null
at testing.Serleniumjava.Productcata.cartclick(Productcata.java:54)
at testing.stepcucumber.StepDefinitionImplementation.Logged_in_uaername_pass(StepDefinitionImplementation.java:38)
at ✽.I add the product IPHONE 13 PRO(file:///C:/Users/ASUS/eclipse-workspace/Serleniumjava/src/test/java/cucumber/Submitorder.feature:12)
]]>
    </failure>
  </testcase> <!-- runScenario -->
</testsuite> <!-- Default test -->
