<?xml version="1.0" encoding="UTF-8"?>
<!-- Generated by org.testng.reporters.JUnitXMLReporter -->
<testsuite ignored="0" hostname="LAPTOP-MJGOJE7C" failures="1" tests="1" name="Errorvalidation" time="4.416" errors="0" timestamp="2025-03-27T18:55:30 IST">
  <testcase classname="testing.Serleniumjava.Errorvalidation" name="mainclass" time="0.464">
    <failure type="java.lang.AssertionError" message="expected [Incorrect email or password.] but found [Iorrect email or password.]">
      <![CDATA[java.lang.AssertionError: expected [Incorrect email or password.] but found [Iorrect email or password.]
at testing.Serleniumjava.Errorvalidation.mainclass(Errorvalidation.java:30)
at java.base/java.util.ArrayList.forEach(ArrayList.java:1597)
... Removed 31 stack frames]]>
    </failure>
  </testcase> <!-- mainclass -->
</testsuite> <!-- Errorvalidation -->
