<?xml version="1.0" encoding="UTF-8"?>
<!-- Generated by org.testng.reporters.JUnitXMLReporter -->
<testsuite ignored="0" hostname="LAPTOP-MJGOJE7C" failures="0" tests="4" name="Standalone" time="56.385" errors="0" timestamp="2025-03-27T18:55:25 IST">
  <testcase classname="testing.Serleniumjava.Standalone" name="mainclass" time="24.443"/>
  <testcase classname="testing.Serleniumjava.Standalone" name="mainclass" time="18.229"/>
  <testcase classname="testing.Serleniumjava.Standalone" name="orderpage" time="0.896"/>
  <testcase classname="testing.Serleniumjava.Standalone" name="orderpage" time="0.765"/>
</testsuite> <!-- Standalone -->
