<?xml version="1.0" encoding="UTF-8"?>
<testng-results ignored="0" total="1" passed="0" failed="1" skipped="0">
  <reporter-output>
  </reporter-output>
  <suite started-at="2025-03-29T00:21:08 IST" name="Default suite" finished-at="2025-03-29T00:21:12 IST" duration-ms="4133">
    <groups>
      <group name="cucumber">
        <method signature="AbstractTestNGCucumberTests.runScenario(io.cucumber.testng.PickleWrapper,io.cucumber.testng.FeatureWrapper)[pri:0, instance:Cucumber.TestNGTestRunner@7c83dc97]" name="runScenario" class="io.cucumber.testng.AbstractTestNGCucumberTests"/>
      </group> <!-- cucumber -->
    </groups>
    <test started-at="2025-03-29T00:21:08 IST" name="Default test" finished-at="2025-03-29T00:21:12 IST" duration-ms="4133">
      <class name="Cucumber.TestNGTestRunner">
        <test-method is-config="true" signature="setUpClass(org.testng.ITestContext)[pri:0, instance:Cucumber.TestNGTestRunner@7c83dc97]" started-at="2025-03-29T00:21:08 IST" name="setUpClass" finished-at="2025-03-29T00:21:08 IST" duration-ms="473" status="PASS">
          <params>
            <param index="0">
              <value>
                <![CDATA[org.testng.TestRunner@12d1f1d4]]>
              </value>
            </param>
          </params>
          <reporter-output>
          </reporter-output>
        </test-method> <!-- setUpClass -->
        <test-method signature="runScenario(io.cucumber.testng.PickleWrapper,io.cucumber.testng.FeatureWrapper)[pri:0, instance:Cucumber.TestNGTestRunner@7c83dc97]" started-at="2025-03-29T00:21:08 IST" name="runScenario" description="Runs Cucumber Scenarios" data-provider="scenarios" finished-at="2025-03-29T00:21:12 IST" duration-ms="3607" status="FAIL">
          <params>
            <param index="0">
              <value>
                <![CDATA["positive test of purchase order"]]>
              </value>
            </param>
            <param index="1">
              <value>
                <![CDATA["Purchase order of the Ecommernce"]]>
              </value>
            </param>
          </params>
          <exception class="java.lang.NullPointerException">
            <message>
              <![CDATA[Cannot invoke "org.openqa.selenium.WebElement.findElement(org.openqa.selenium.By)" because "prod" is null]]>
            </message>
            <full-stacktrace>
              <![CDATA[java.lang.NullPointerException: Cannot invoke "org.openqa.selenium.WebElement.findElement(org.openqa.selenium.By)" because "prod" is null
at testing.Serleniumjava.Productcata.cartclick(Productcata.java:54)
at testing.stepcucumber.StepDefinitionImplementation.Logged_in_uaername_pass(StepDefinitionImplementation.java:38)
at ✽.I add the product IPHONE 13 PRO(file:///C:/Users/ASUS/eclipse-workspace/Serleniumjava/src/test/java/cucumber/Submitorder.feature:12)
]]>
            </full-stacktrace>
          </exception> <!-- java.lang.NullPointerException -->
          <reporter-output>
          </reporter-output>
        </test-method> <!-- runScenario -->
        <test-method is-config="true" signature="tearDownClass()[pri:0, instance:Cucumber.TestNGTestRunner@7c83dc97]" started-at="2025-03-29T00:21:12 IST" name="tearDownClass" finished-at="2025-03-29T00:21:12 IST" duration-ms="15" status="PASS">
          <reporter-output>
          </reporter-output>
        </test-method> <!-- tearDownClass -->
      </class> <!-- Cucumber.TestNGTestRunner -->
    </test> <!-- Default test -->
  </suite> <!-- Default suite -->
</testng-results>
