<?xml version="1.0" encoding="UTF-8"?>
<!-- Generated by org.testng.reporters.JUnitReportReporter -->
<testsuite hostname="LAPTOP-MJGOJE7C" failures="0" tests="1" name="Cucumber.TestNGTestRunner" time="3.607" errors="1" timestamp="2025-03-29T00:21:12 IST" skipped="0">
  <testcase classname="Cucumber.TestNGTestRunner" name="runScenario" time="3.607">
    <error message="Cannot invoke &quot;org.openqa.selenium.WebElement.findElement(org.openqa.selenium.By)&quot; because &quot;prod&quot; is null" type="java.lang.NullPointerException">
      <![CDATA[java.lang.NullPointerException: Cannot invoke "org.openqa.selenium.WebElement.findElement(org.openqa.selenium.By)" because "prod" is null
at testing.Serleniumjava.Productcata.cartclick(Productcata.java:54)
at testing.stepcucumber.StepDefinitionImplementation.Logged_in_uaername_pass(StepDefinitionImplementation.java:38)
at ✽.I add the product IPHONE 13 PRO(file:///C:/Users/ASUS/eclipse-workspace/Serleniumjava/src/test/java/cucumber/Submitorder.feature:12)
]]>
    </error>
  </testcase> <!-- runScenario -->
</testsuite> <!-- Cucumber.TestNGTestRunner -->
